<?xml version="1.0" encoding="UTF-8"?>
<testng-results ignored="0" total="5" passed="5" failed="0" skipped="0">
  <reporter-output>
  </reporter-output>
  <suite started-at="2025-03-21T14:33:32 GMT-05:00" name="Suite" finished-at="2025-03-21T14:34:26 GMT-05:00" duration-ms="53803">
    <groups>
      <group name="ErrorHandling">
        <method signature="ErrorValidationsTest.LoginErrorValidation()[pri:0, instance:rahulshettyacademy.tests.ErrorValidationsTest@302c971f]" name="LoginErrorValidation" class="rahulshettyacademy.tests.ErrorValidationsTest"/>
      </group> <!-- ErrorHandling -->
      <group name="Purchase">
        <method signature="SubmitOrderTest.submitOrder(java.util.HashMap)[pri:0, instance:rahulshettyacademy.tests.SubmitOrderTest@35841320]" name="submitOrder" class="rahulshettyacademy.tests.SubmitOrderTest"/>
      </group> <!-- Purchase -->
    </groups>
    <test started-at="2025-03-21T14:33:32 GMT-05:00" name="Test" finished-at="2025-03-21T14:34:26 GMT-05:00" duration-ms="53803">
      <class name="rahulshettyacademy.tests.SubmitOrderTest">
        <test-method is-config="true" signature="launchApplication()[pri:0, instance:rahulshettyacademy.tests.SubmitOrderTest@35841320]" started-at="2025-03-21T14:33:59 GMT-05:00" name="launchApplication" finished-at="2025-03-21T14:34:07 GMT-05:00" duration-ms="7488" status="PASS">
          <reporter-output>
          </reporter-output>
        </test-method> <!-- launchApplication -->
        <test-method signature="submitOrder(java.util.HashMap)[pri:0, instance:rahulshettyacademy.tests.SubmitOrderTest@35841320]" started-at="2025-03-21T14:34:07 GMT-05:00" name="submitOrder" data-provider="getData" finished-at="2025-03-21T14:34:11 GMT-05:00" duration-ms="3954" status="PASS">
          <params>
            <param index="0">
              <value>
                <![CDATA[{password=Rohit@1234, product=ZARA COAT 3, email=rolodha@gmail.com}]]>
              </value>
            </param>
          </params>
          <reporter-output>
          </reporter-output>
        </test-method> <!-- submitOrder -->
        <test-method is-config="true" signature="tearDown()[pri:0, instance:rahulshettyacademy.tests.SubmitOrderTest@35841320]" started-at="2025-03-21T14:34:11 GMT-05:00" name="tearDown" finished-at="2025-03-21T14:34:11 GMT-05:00" duration-ms="215" status="PASS">
          <reporter-output>
          </reporter-output>
        </test-method> <!-- tearDown -->
        <test-method is-config="true" signature="launchApplication()[pri:0, instance:rahulshettyacademy.tests.SubmitOrderTest@35841320]" started-at="2025-03-21T14:34:11 GMT-05:00" name="launchApplication" finished-at="2025-03-21T14:34:16 GMT-05:00" duration-ms="4797" status="PASS">
          <reporter-output>
          </reporter-output>
        </test-method> <!-- launchApplication -->
        <test-method signature="submitOrder(java.util.HashMap)[pri:0, instance:rahulshettyacademy.tests.SubmitOrderTest@35841320]" started-at="2025-03-21T14:34:16 GMT-05:00" name="submitOrder" data-provider="getData" finished-at="2025-03-21T14:34:20 GMT-05:00" duration-ms="4228" status="PASS">
          <params>
            <param index="0">
              <value>
                <![CDATA[{password=Rohit@1234, product=ADIDAS ORIGINAL, email=rolodha@gmail.com}]]>
              </value>
            </param>
          </params>
          <reporter-output>
          </reporter-output>
        </test-method> <!-- submitOrder -->
        <test-method is-config="true" signature="tearDown()[pri:0, instance:rahulshettyacademy.tests.SubmitOrderTest@35841320]" started-at="2025-03-21T14:34:20 GMT-05:00" name="tearDown" finished-at="2025-03-21T14:34:20 GMT-05:00" duration-ms="83" status="PASS">
          <reporter-output>
          </reporter-output>
        </test-method> <!-- tearDown -->
        <test-method is-config="true" signature="launchApplication()[pri:0, instance:rahulshettyacademy.tests.SubmitOrderTest@35841320]" started-at="2025-03-21T14:34:20 GMT-05:00" name="launchApplication" finished-at="2025-03-21T14:34:25 GMT-05:00" duration-ms="4935" status="PASS">
          <reporter-output>
          </reporter-output>
        </test-method> <!-- launchApplication -->
        <test-method signature="OrderHistoryTest()[pri:0, instance:rahulshettyacademy.tests.SubmitOrderTest@35841320]" started-at="2025-03-21T14:34:25 GMT-05:00" name="OrderHistoryTest" finished-at="2025-03-21T14:34:26 GMT-05:00" depends-on-methods="rahulshettyacademy.tests.SubmitOrderTest.submitOrder" duration-ms="968" status="PASS">
          <reporter-output>
          </reporter-output>
        </test-method> <!-- OrderHistoryTest -->
        <test-method is-config="true" signature="tearDown()[pri:0, instance:rahulshettyacademy.tests.SubmitOrderTest@35841320]" started-at="2025-03-21T14:34:26 GMT-05:00" name="tearDown" finished-at="2025-03-21T14:34:26 GMT-05:00" duration-ms="123" status="PASS">
          <reporter-output>
          </reporter-output>
        </test-method> <!-- tearDown -->
      </class> <!-- rahulshettyacademy.tests.SubmitOrderTest -->
      <class name="rahulshettyacademy.tests.ErrorValidationsTest">
        <test-method is-config="true" signature="launchApplication()[pri:0, instance:rahulshettyacademy.tests.ErrorValidationsTest@302c971f]" started-at="2025-03-21T14:33:32 GMT-05:00" name="launchApplication" finished-at="2025-03-21T14:33:49 GMT-05:00" duration-ms="16954" status="PASS">
          <reporter-output>
          </reporter-output>
        </test-method> <!-- launchApplication -->
        <test-method signature="LoginErrorValidation()[pri:0, instance:rahulshettyacademy.tests.ErrorValidationsTest@302c971f]" started-at="2025-03-21T14:33:49 GMT-05:00" name="LoginErrorValidation" finished-at="2025-03-21T14:33:50 GMT-05:00" duration-ms="775" status="PASS">
          <reporter-output>
          </reporter-output>
        </test-method> <!-- LoginErrorValidation -->
        <test-method is-config="true" signature="tearDown()[pri:0, instance:rahulshettyacademy.tests.ErrorValidationsTest@302c971f]" started-at="2025-03-21T14:33:50 GMT-05:00" name="tearDown" finished-at="2025-03-21T14:33:50 GMT-05:00" duration-ms="123" status="PASS">
          <reporter-output>
          </reporter-output>
        </test-method> <!-- tearDown -->
        <test-method is-config="true" signature="launchApplication()[pri:0, instance:rahulshettyacademy.tests.ErrorValidationsTest@302c971f]" started-at="2025-03-21T14:33:50 GMT-05:00" name="launchApplication" finished-at="2025-03-21T14:33:56 GMT-05:00" duration-ms="5555" status="PASS">
          <reporter-output>
          </reporter-output>
        </test-method> <!-- launchApplication -->
        <test-method signature="ProductErrorValidation()[pri:0, instance:rahulshettyacademy.tests.ErrorValidationsTest@302c971f]" started-at="2025-03-21T14:33:56 GMT-05:00" name="ProductErrorValidation" finished-at="2025-03-21T14:33:59 GMT-05:00" duration-ms="3255" status="PASS">
          <reporter-output>
          </reporter-output>
        </test-method> <!-- ProductErrorValidation -->
        <test-method is-config="true" signature="tearDown()[pri:0, instance:rahulshettyacademy.tests.ErrorValidationsTest@302c971f]" started-at="2025-03-21T14:33:59 GMT-05:00" name="tearDown" finished-at="2025-03-21T14:33:59 GMT-05:00" duration-ms="120" status="PASS">
          <reporter-output>
          </reporter-output>
        </test-method> <!-- tearDown -->
      </class> <!-- rahulshettyacademy.tests.ErrorValidationsTest -->
    </test> <!-- Test -->
  </suite> <!-- Suite -->
</testng-results>
