<?xml version="1.0" encoding="UTF-8"?>
<testng-results ignored="0" total="5" passed="5" failed="0" skipped="0">
  <reporter-output>
  </reporter-output>
  <suite started-at="2025-03-10T13:16:55 GMT-05:00" name="Suite" finished-at="2025-03-10T13:17:37 GMT-05:00" duration-ms="41962">
    <groups>
      <group name="ErrorHandling">
        <method signature="ErrorValidationsTest.LoginErrorValidation()[pri:0, instance:rahulshettyacademy.tests.ErrorValidationsTest@2a693f59]" name="LoginErrorValidation" class="rahulshettyacademy.tests.ErrorValidationsTest"/>
      </group> <!-- ErrorHandling -->
      <group name="Purchase">
        <method signature="SubmitOrderTest.submitOrder(java.util.HashMap)[pri:0, instance:rahulshettyacademy.tests.SubmitOrderTest@533bda92]" name="submitOrder" class="rahulshettyacademy.tests.SubmitOrderTest"/>
      </group> <!-- Purchase -->
    </groups>
    <test started-at="2025-03-10T13:16:55 GMT-05:00" name="Test" finished-at="2025-03-10T13:17:37 GMT-05:00" duration-ms="41962">
      <class name="rahulshettyacademy.tests.SubmitOrderTest">
        <test-method is-config="true" signature="launchApplication()[pri:0, instance:rahulshettyacademy.tests.SubmitOrderTest@533bda92]" started-at="2025-03-10T13:17:11 GMT-05:00" name="launchApplication" finished-at="2025-03-10T13:17:17 GMT-05:00" duration-ms="5447" status="PASS">
          <reporter-output>
          </reporter-output>
        </test-method> <!-- launchApplication -->
        <test-method signature="submitOrder(java.util.HashMap)[pri:0, instance:rahulshettyacademy.tests.SubmitOrderTest@533bda92]" started-at="2025-03-10T13:17:17 GMT-05:00" name="submitOrder" data-provider="getData" finished-at="2025-03-10T13:17:21 GMT-05:00" duration-ms="4177" status="PASS">
          <params>
            <param index="0">
              <value>
                <![CDATA[{password=Rohit@1234, product=ZARA COAT 3, email=rolodha@gmail.com}]]>
              </value>
            </param>
          </params>
          <reporter-output>
          </reporter-output>
        </test-method> <!-- submitOrder -->
        <test-method is-config="true" signature="tearDown()[pri:0, instance:rahulshettyacademy.tests.SubmitOrderTest@533bda92]" started-at="2025-03-10T13:17:21 GMT-05:00" name="tearDown" finished-at="2025-03-10T13:17:21 GMT-05:00" duration-ms="247" status="PASS">
          <reporter-output>
          </reporter-output>
        </test-method> <!-- tearDown -->
        <test-method is-config="true" signature="launchApplication()[pri:0, instance:rahulshettyacademy.tests.SubmitOrderTest@533bda92]" started-at="2025-03-10T13:17:21 GMT-05:00" name="launchApplication" finished-at="2025-03-10T13:17:26 GMT-05:00" duration-ms="5187" status="PASS">
          <reporter-output>
          </reporter-output>
        </test-method> <!-- launchApplication -->
        <test-method signature="submitOrder(java.util.HashMap)[pri:0, instance:rahulshettyacademy.tests.SubmitOrderTest@533bda92]" started-at="2025-03-10T13:17:26 GMT-05:00" name="submitOrder" data-provider="getData" finished-at="2025-03-10T13:17:30 GMT-05:00" duration-ms="3852" status="PASS">
          <params>
            <param index="0">
              <value>
                <![CDATA[{password=Rohit@1234, product=ADIDAS ORIGINAL, email=rolodha@gmail.com}]]>
              </value>
            </param>
          </params>
          <reporter-output>
          </reporter-output>
        </test-method> <!-- submitOrder -->
        <test-method is-config="true" signature="tearDown()[pri:0, instance:rahulshettyacademy.tests.SubmitOrderTest@533bda92]" started-at="2025-03-10T13:17:30 GMT-05:00" name="tearDown" finished-at="2025-03-10T13:17:30 GMT-05:00" duration-ms="207" status="PASS">
          <reporter-output>
          </reporter-output>
        </test-method> <!-- tearDown -->
        <test-method is-config="true" signature="launchApplication()[pri:0, instance:rahulshettyacademy.tests.SubmitOrderTest@533bda92]" started-at="2025-03-10T13:17:30 GMT-05:00" name="launchApplication" finished-at="2025-03-10T13:17:36 GMT-05:00" duration-ms="5598" status="PASS">
          <reporter-output>
          </reporter-output>
        </test-method> <!-- launchApplication -->
        <test-method signature="OrderHistoryTest()[pri:0, instance:rahulshettyacademy.tests.SubmitOrderTest@533bda92]" started-at="2025-03-10T13:17:36 GMT-05:00" name="OrderHistoryTest" finished-at="2025-03-10T13:17:37 GMT-05:00" depends-on-methods="rahulshettyacademy.tests.SubmitOrderTest.submitOrder" duration-ms="925" status="PASS">
          <reporter-output>
          </reporter-output>
        </test-method> <!-- OrderHistoryTest -->
        <test-method is-config="true" signature="tearDown()[pri:0, instance:rahulshettyacademy.tests.SubmitOrderTest@533bda92]" started-at="2025-03-10T13:17:37 GMT-05:00" name="tearDown" finished-at="2025-03-10T13:17:37 GMT-05:00" duration-ms="217" status="PASS">
          <reporter-output>
          </reporter-output>
        </test-method> <!-- tearDown -->
      </class> <!-- rahulshettyacademy.tests.SubmitOrderTest -->
      <class name="rahulshettyacademy.tests.ErrorValidationsTest">
        <test-method is-config="true" signature="launchApplication()[pri:0, instance:rahulshettyacademy.tests.ErrorValidationsTest@2a693f59]" started-at="2025-03-10T13:16:55 GMT-05:00" name="launchApplication" finished-at="2025-03-10T13:17:01 GMT-05:00" duration-ms="5567" status="PASS">
          <reporter-output>
          </reporter-output>
        </test-method> <!-- launchApplication -->
        <test-method signature="LoginErrorValidation()[pri:0, instance:rahulshettyacademy.tests.ErrorValidationsTest@2a693f59]" started-at="2025-03-10T13:17:01 GMT-05:00" name="LoginErrorValidation" finished-at="2025-03-10T13:17:02 GMT-05:00" duration-ms="1195" status="PASS">
          <reporter-output>
          </reporter-output>
        </test-method> <!-- LoginErrorValidation -->
        <test-method is-config="true" signature="tearDown()[pri:0, instance:rahulshettyacademy.tests.ErrorValidationsTest@2a693f59]" started-at="2025-03-10T13:17:02 GMT-05:00" name="tearDown" finished-at="2025-03-10T13:17:02 GMT-05:00" duration-ms="122" status="PASS">
          <reporter-output>
          </reporter-output>
        </test-method> <!-- tearDown -->
        <test-method is-config="true" signature="launchApplication()[pri:0, instance:rahulshettyacademy.tests.ErrorValidationsTest@2a693f59]" started-at="2025-03-10T13:17:02 GMT-05:00" name="launchApplication" finished-at="2025-03-10T13:17:08 GMT-05:00" duration-ms="5661" status="PASS">
          <reporter-output>
          </reporter-output>
        </test-method> <!-- launchApplication -->
        <test-method signature="ProductErrorValidation()[pri:0, instance:rahulshettyacademy.tests.ErrorValidationsTest@2a693f59]" started-at="2025-03-10T13:17:08 GMT-05:00" name="ProductErrorValidation" finished-at="2025-03-10T13:17:11 GMT-05:00" duration-ms="3144" status="PASS">
          <reporter-output>
          </reporter-output>
        </test-method> <!-- ProductErrorValidation -->
        <test-method is-config="true" signature="tearDown()[pri:0, instance:rahulshettyacademy.tests.ErrorValidationsTest@2a693f59]" started-at="2025-03-10T13:17:11 GMT-05:00" name="tearDown" finished-at="2025-03-10T13:17:11 GMT-05:00" duration-ms="172" status="PASS">
          <reporter-output>
          </reporter-output>
        </test-method> <!-- tearDown -->
      </class> <!-- rahulshettyacademy.tests.ErrorValidationsTest -->
    </test> <!-- Test -->
  </suite> <!-- Suite -->
</testng-results>
